{"D:\\Personal Project\\docker-react\\src\\App.css": {"path":"D:\\Personal Project\\docker-react\\src\\App.css","statementMap":{},"fnMap":{},"branchMap":{},"s":{},"f":{},"b":{},"meta":{"lastBranch":0,"lastFunction":0,"lastStatement":0,"seen":{},"fnNames":{}}}
,"D:\\Personal Project\\docker-react\\src\\App.jsx": {"path":"D:\\Personal Project\\docker-react\\src\\App.jsx","statementMap":{"0":{"start":{"line":8,"column":28},"end":{"line":8,"column":null}},"1":{"start":{"line":10,"column":2},"end":{"line":29,"column":null}},"2":{"start":{"line":24,"column":25},"end":{"line":24,"column":null}},"3":{"start":{"line":24,"column":45},"end":{"line":24,"column":54}}},"fnMap":{"0":{"name":"App","decl":{"start":{"line":7,"column":9},"end":{"line":7,"column":15}},"loc":{"start":{"line":7,"column":15},"end":{"line":31,"column":null}},"line":7},"1":{"name":"(anonymous_1)","decl":{"start":{"line":24,"column":10},"end":{"line":24,"column":25}},"loc":{"start":{"line":24,"column":25},"end":{"line":24,"column":null}},"line":24},"2":{"name":"(anonymous_2)","decl":{"start":{"line":24,"column":25},"end":{"line":24,"column":35}},"loc":{"start":{"line":24,"column":45},"end":{"line":24,"column":54}},"line":24}},"branchMap":{},"s":{"0":4,"1":4,"2":1,"3":1},"f":{"0":4,"1":1,"2":1},"b":{},"meta":{"lastBranch":0,"lastFunction":3,"lastStatement":4,"seen":{"f:7:9:7:15":0,"s:8:28:8:Infinity":0,"s:10:2:29:Infinity":1,"f:24:10:24:25":1,"s:24:25:24:Infinity":2,"f:24:25:24:35":2,"s:24:45:24:54":3},"fnNames":{}}}
,"D:\\Personal Project\\docker-react\\src\\assets\\hero.png": {"path":"D:\\Personal Project\\docker-react\\src\\assets\\hero.png","statementMap":{},"fnMap":{},"branchMap":{},"s":{},"f":{},"b":{},"meta":{"lastBranch":0,"lastFunction":0,"lastStatement":0,"seen":{},"fnNames":{}}}
,"D:\\Personal Project\\docker-react\\src\\assets\\react.svg": {"path":"D:\\Personal Project\\docker-react\\src\\assets\\react.svg","statementMap":{},"fnMap":{},"branchMap":{},"s":{},"f":{},"b":{},"meta":{"lastBranch":0,"lastFunction":0,"lastStatement":0,"seen":{},"fnNames":{}}}
,"D:\\Personal Project\\docker-react\\src\\assets\\vite.svg": {"path":"D:\\Personal Project\\docker-react\\src\\assets\\vite.svg","statementMap":{},"fnMap":{},"branchMap":{},"s":{},"f":{},"b":{},"meta":{"lastBranch":0,"lastFunction":0,"lastStatement":0,"seen":{},"fnNames":{}}}
}
